\BOOKMARK [0][-]{chapter.1}{\376\377\000C\000o\000n\000t\000e\000n\000t\000s\000:}{}% 1
\BOOKMARK [1][-]{section.1.1}{\376\377\000Q\000u\000i\000c\000k\000\040\000I\000n\000s\000t\000a\000l\000l\000a\000t\000i\000o\000n}{chapter.1}% 2
\BOOKMARK [2][-]{subsection.1.1.1}{\376\377\000O\000n\000\040\000L\000i\000n\000u\000x\000/\000M\000a\000c\000:}{section.1.1}% 3
\BOOKMARK [3][-]{subsubsection.1.1.1.1}{\376\377\000D\000o\000w\000n\000l\000o\000a\000d\000\040\000P\000r\000o\000j\000e\000c\000t}{subsection.1.1.1}% 4
\BOOKMARK [3][-]{subsubsection.1.1.1.2}{\376\377\000V\000i\000r\000t\000u\000a\000l\000\040\000E\000n\000v\000i\000r\000o\000n\000m\000e\000n\000t}{subsection.1.1.1}% 5
\BOOKMARK [3][-]{subsubsection.1.1.1.3}{\376\377\000L\000o\000a\000d\000\040\000P\000a\000c\000k\000a\000g\000e\000s}{subsection.1.1.1}% 6
\BOOKMARK [3][-]{subsubsection.1.1.1.4}{\376\377\000M\000i\000g\000r\000a\000t\000e\000\040\000D\000a\000t\000a\000b\000a\000s\000e}{subsection.1.1.1}% 7
\BOOKMARK [3][-]{subsubsection.1.1.1.5}{\376\377\000E\000n\000v\000i\000r\000o\000n\000m\000e\000n\000t\000\040\000V\000a\000r\000i\000a\000b\000l\000e\000s}{subsection.1.1.1}% 8
\BOOKMARK [3][-]{subsubsection.1.1.1.6}{\376\377\000R\000u\000n\000\040\000S\000e\000r\000v\000e\000r}{subsection.1.1.1}% 9
\BOOKMARK [2][-]{subsection.1.1.2}{\376\377\000O\000n\000\040\000W\000i\000n\000d\000o\000w\000s}{section.1.1}% 10
\BOOKMARK [3][-]{subsubsection.1.1.2.1}{\376\377\000D\000o\000w\000n\000l\000o\000a\000d\000\040\000P\000r\000o\000j\000e\000c\000t}{subsection.1.1.2}% 11
\BOOKMARK [3][-]{subsubsection.1.1.2.2}{\376\377\000V\000i\000r\000t\000u\000a\000l\000\040\000E\000n\000v\000i\000r\000o\000n\000m\000e\000n\000t}{subsection.1.1.2}% 12
\BOOKMARK [3][-]{subsubsection.1.1.2.3}{\376\377\000L\000o\000a\000d\000\040\000P\000a\000c\000k\000a\000g\000e\000s}{subsection.1.1.2}% 13
\BOOKMARK [3][-]{subsubsection.1.1.2.4}{\376\377\000M\000i\000g\000r\000a\000t\000e\000\040\000D\000a\000t\000a\000b\000a\000s\000e}{subsection.1.1.2}% 14
\BOOKMARK [3][-]{subsubsection.1.1.2.5}{\376\377\000E\000n\000v\000i\000r\000o\000n\000m\000e\000n\000t\000\040\000V\000a\000r\000i\000a\000b\000l\000e\000s}{subsection.1.1.2}% 15
\BOOKMARK [3][-]{subsubsection.1.1.2.6}{\376\377\000R\000u\000n\000\040\000S\000e\000r\000v\000e\000r}{subsection.1.1.2}% 16
\BOOKMARK [1][-]{section.1.2}{\376\377\000D\000o\000w\000n\000l\000o\000a\000d\000\040\000P\000r\000o\000j\000e\000c\000t}{chapter.1}% 17
\BOOKMARK [2][-]{subsection.1.2.1}{\376\377\000C\000r\000e\000a\000t\000e\000\040\000A\000\040\000P\000r\000o\000j\000e\000c\000t\000\040\000F\000o\000l\000d\000e\000r}{section.1.2}% 18
\BOOKMARK [2][-]{subsection.1.2.2}{\376\377\000G\000e\000t\000\040\000a\000\040\000C\000o\000p\000y\000\040\000o\000f\000\040\000T\000h\000e\000\040\000P\000r\000o\000j\000e\000c\000t}{section.1.2}% 19
\BOOKMARK [3][-]{subsubsection.1.2.2.1}{\376\377\000F\000o\000r\000k\000\040\000t\000h\000e\000\040\000P\000r\000o\000j\000e\000c\000t}{subsection.1.2.2}% 20
\BOOKMARK [3][-]{subsubsection.1.2.2.2}{\376\377\000C\000l\000o\000n\000e\000\040\000t\000o\000\040\000Y\000o\000u\000r\000\040\000C\000o\000m\000p\000u\000t\000e\000r\000\040\040\023\000\040\000H\000T\000T\000P\000S}{subsection.1.2.2}% 21
\BOOKMARK [3][-]{subsubsection.1.2.2.3}{\376\377\000C\000l\000o\000n\000e\000\040\000t\000o\000\040\000Y\000o\000u\000r\000\040\000C\000o\000m\000p\000u\000t\000e\000r\000\040\040\023\000\040\000S\000S\000H}{subsection.1.2.2}% 22
\BOOKMARK [4][-]{paragraph.1.2.2.3.1}{\376\377\000S\000t\000e\000p\000s\000\040\000t\000o\000\040\000C\000r\000e\000a\000t\000e\000\040\000S\000S\000H\000\040\000K\000e\000y}{subsubsection.1.2.2.3}% 23
\BOOKMARK [4][-]{paragraph.1.2.2.3.2}{\376\377\000C\000l\000o\000n\000e\000\040\000v\000i\000a\000\040\000S\000S\000H}{subsubsection.1.2.2.3}% 24
\BOOKMARK [3][-]{subsubsection.1.2.2.4}{\376\377\000I\000f\000\040\000C\000l\000o\000n\000e\000\040\000w\000a\000s\000\040\000S\000u\000c\000c\000e\000s\000s\000f\000u\000l}{subsection.1.2.2}% 25
\BOOKMARK [3][-]{subsubsection.1.2.2.5}{\376\377\000A\000d\000d\000\040\000P\000a\000r\000e\000n\000t\000\040\000R\000e\000p\000o\000\040\000A\000d\000d\000r\000e\000s\000s\000\040\000T\000o\000\040\000G\000i\000t}{subsection.1.2.2}% 26
\BOOKMARK [3][-]{subsubsection.1.2.2.6}{\376\377\000U\000p\000d\000a\000t\000e\000\040\000f\000r\000o\000m\000\040\000P\000a\000r\000e\000n\000t}{subsection.1.2.2}% 27
\BOOKMARK [1][-]{section.1.3}{\376\377\000V\000i\000r\000t\000u\000a\000l\000\040\000E\000n\000v\000i\000r\000o\000n\000m\000e\000n\000t}{chapter.1}% 28
\BOOKMARK [2][-]{subsection.1.3.1}{\376\377\000C\000r\000e\000a\000t\000e\000\040\000t\000h\000e\000\040\000V\000i\000r\000t\000u\000a\000l\000\040\000E\000n\000v\000i\000r\000o\000n\000m\000e\000n\000t}{section.1.3}% 29
\BOOKMARK [2][-]{subsection.1.3.2}{\376\377\000A\000c\000t\000i\000v\000a\000t\000e\000\040\000\046\000\040\000D\000e\000a\000c\000t\000i\000v\000a\000t\000e\000\040\000V\000i\000r\000t\000u\000a\000l\000\040\000E\000n\000v\000i\000r\000o\000n\000m\000e\000n\000t}{section.1.3}% 30
\BOOKMARK [1][-]{section.1.4}{\376\377\000L\000o\000a\000d\000\040\000P\000a\000c\000k\000a\000g\000e\000s}{chapter.1}% 31
\BOOKMARK [2][-]{subsection.1.4.1}{\376\377\000D\000e\000p\000e\000n\000d\000e\000n\000c\000y\000\040\000M\000a\000n\000a\000g\000e\000m\000e\000n\000t}{section.1.4}% 32
\BOOKMARK [1][-]{section.1.5}{\376\377\000M\000i\000g\000r\000a\000t\000e\000\040\000D\000a\000t\000a\000b\000a\000s\000e}{chapter.1}% 33
\BOOKMARK [1][-]{section.1.6}{\376\377\000E\000n\000v\000i\000r\000o\000n\000m\000e\000n\000t\000\040\000V\000a\000r\000i\000a\000b\000l\000e\000s}{chapter.1}% 34
\BOOKMARK [2][-]{subsection.1.6.1}{\376\377\000S\000e\000c\000r\000e\000t\000\040\000K\000e\000y}{section.1.6}% 35
\BOOKMARK [2][-]{subsection.1.6.2}{\376\377\000G\000o\000o\000g\000l\000e\000\040\000R\000e\000c\000a\000p\000t\000c\000h\000a\000\040\000S\000e\000c\000r\000e\000t\000\040\000K\000e\000y}{section.1.6}% 36
\BOOKMARK [1][-]{section.1.7}{\376\377\000R\000u\000n\000\040\000T\000h\000e\000\040\000S\000e\000r\000v\000e\000r}{chapter.1}% 37
\BOOKMARK [1][-]{section.1.8}{\376\377\000A\000p\000p\000e\000n\000d\000i\000x\000\040\0001\000:\000\040\000P\000y\000t\000h\000o\000n\000\040\000I\000n\000s\000t\000a\000l\000l\000a\000t\000i\000o\000n}{chapter.1}% 38
\BOOKMARK [2][-]{subsection.1.8.1}{\376\377\000F\000l\000a\000g\000s}{section.1.8}% 39
\BOOKMARK [1][-]{section.1.9}{\376\377\000A\000p\000p\000e\000n\000d\000i\000x\000\040\0002\000:\000\040\000D\000e\000b\000u\000g\000g\000i\000n\000g\000\040\000T\000r\000i\000c\000k\000s}{chapter.1}% 40
\BOOKMARK [2][-]{subsection.1.9.1}{\376\377\000U\000s\000e\000\040\000T\000h\000e\000\040\000D\000e\000b\000u\000g\000\040\000T\000o\000o\000l\000b\000a\000r}{section.1.9}% 41
\BOOKMARK [2][-]{subsection.1.9.2}{\376\377\000E\000v\000a\000l\000u\000a\000t\000e\000\040\000V\000a\000r\000i\000a\000b\000l\000e\000s\000\040\000I\000n\000\040\000S\000e\000t\000t\000i\000n\000g\000s\000\040\000F\000i\000l\000e}{section.1.9}% 42
\BOOKMARK [1][-]{section.1.10}{\376\377\000A\000p\000p\000e\000n\000d\000i\000x\000\040\0004\000:\000\040\000S\000p\000h\000i\000n\000x\000\040\000H\000e\000l\000p}{chapter.1}% 43
\BOOKMARK [2][-]{subsection.1.10.1}{\376\377\000U\000s\000i\000n\000g\000\040\000S\000p\000h\000i\000n\000x}{section.1.10}% 44
\BOOKMARK [2][-]{subsection.1.10.2}{\376\377\000P\000D\000F\000\040\000C\000r\000e\000a\000t\000i\000o\000n}{section.1.10}% 45
\BOOKMARK [3][-]{subsubsection.1.10.2.1}{\376\377\000I\000n\000s\000t\000a\000l\000l\000\040\000M\000i\000t\000e\000x}{subsection.1.10.2}% 46
\BOOKMARK [3][-]{subsubsection.1.10.2.2}{\376\377\000C\000r\000e\000a\000t\000e\000\040\000t\000h\000e\000\040\000P\000D\000F}{subsection.1.10.2}% 47
\BOOKMARK [1][-]{section.1.11}{\376\377\000A\000p\000p\000e\000n\000d\000i\000x\000\040\0003\000:\000\040\000r\000e\000S\000t\000r\000u\000c\000t\000u\000r\000e\000d\000T\000e\000x\000t\000\040\000H\000e\000l\000p}{chapter.1}% 48
\BOOKMARK [2][-]{subsection.1.11.1}{\376\377\000H\000e\000a\000d\000e\000r\000s}{section.1.11}% 49
\BOOKMARK [2][-]{subsection.1.11.2}{\376\377\000P\000a\000r\000a\000g\000r\000a\000p\000h\000s}{section.1.11}% 50
\BOOKMARK [2][-]{subsection.1.11.3}{\376\377\000I\000n\000d\000e\000n\000t\000a\000t\000i\000o\000n}{section.1.11}% 51
\BOOKMARK [2][-]{subsection.1.11.4}{\376\377\000I\000n\000l\000i\000n\000e\000\040\000m\000a\000r\000k\000u\000p}{section.1.11}% 52
\BOOKMARK [2][-]{subsection.1.11.5}{\376\377\000S\000e\000p\000a\000r\000a\000t\000o\000r\000s}{section.1.11}% 53
\BOOKMARK [2][-]{subsection.1.11.6}{\376\377\000L\000i\000t\000e\000r\000a\000l\000\040\000B\000l\000o\000c\000k\000s}{section.1.11}% 54
\BOOKMARK [2][-]{subsection.1.11.7}{\376\377\000I\000n\000l\000i\000n\000e\000\040\000C\000o\000d\000e}{section.1.11}% 55
\BOOKMARK [2][-]{subsection.1.11.8}{\376\377\000C\000o\000d\000e\000-\000B\000l\000o\000c\000k\000s}{section.1.11}% 56
\BOOKMARK [2][-]{subsection.1.11.9}{\376\377\000L\000i\000n\000k\000s}{section.1.11}% 57
\BOOKMARK [2][-]{subsection.1.11.10}{\376\377\000B\000u\000l\000l\000e\000t\000\040\000L\000i\000s\000t\000s}{section.1.11}% 58
\BOOKMARK [2][-]{subsection.1.11.11}{\376\377\000E\000n\000u\000m\000e\000r\000a\000t\000e\000d\000\040\000L\000i\000s\000t\000s}{section.1.11}% 59
\BOOKMARK [2][-]{subsection.1.11.12}{\376\377\000I\000m\000a\000g\000e\000s}{section.1.11}% 60
\BOOKMARK [2][-]{subsection.1.11.13}{\376\377\000D\000i\000r\000e\000c\000t\000i\000v\000e\000s}{section.1.11}% 61
